This is LuaHBTeX, Version 1.14.0 (MiKTeX 21.7) (format=lualatex 2021.10.18)  23 NOV 2021 23:51
 restricted system commands enabled.
**resume.tex
(./resume.tex
LaTeX2e <2021-06-01> patch level 1
Lua module: luaotfload 2021-05-21 3.18 Lua based OpenType font support
Lua module: lualibs 2021-05-20 2.74 ConTeXt Lua standard libraries.
Lua module: lualibs-extended 2021-05-20 2.74 ConTeXt Lua libraries -- extended c
ollection.
luaotfload | conf : Root cache directory is "/Users/chirag/Library/Application S
upport/MiKTeX/texmfs/data/luatex-cache/generic/names".
luaotfload | init : Loading fontloader "fontloader-2021-05-20.lua" from kpse-res
olved path "/Users/chirag/Library/Application Support/MiKTeX/texmfs/install/tex/
luatex/luaotfload/fontloader-2021-05-20.lua".
Lua-only attribute luaotfload@noligature = 1
Lua-only attribute luaotfload@syllabe = 2
luaotfload | init : Context OpenType loader version 3.116
Inserting `luaotfload.node_processor' at position 1 in `pre_linebreak_filter'.
Inserting `luaotfload.node_processor' at position 1 in `hpack_filter'.
Inserting `luaotfload.glyph_stream' at position 1 in `glyph_stream_provider'.
Inserting `luaotfload.define_font' at position 1 in `define_font'.
Lua-only attribute luaotfload_color_attribute = 3
luaotfload | conf : Root cache directory is "/Users/chirag/Library/Application S
upport/MiKTeX/texmfs/data/luatex-cache/generic/names".
Inserting `luaotfload.harf.strip_prefix' at position 1 in `find_opentype_file'.
Inserting `luaotfload.harf.strip_prefix' at position 1 in `find_truetype_file'.
Inserting `luaotfload.harf.finalize_vlist' at position 1 in `post_linebreak_filt
er'.
Inserting `luaotfload.harf.finalize_hlist' at position 2 in `hpack_filter'.
Inserting `luaotfload.cleanup_files' at position 1 in `wrapup_run'.
Inserting `luaotfload.harf.finalize_unicode' at position 1 in `finish_pdffile'.
Inserting `luaotfload.glyphinfo' at position 1 in `glyph_info'.
Lua-only attribute luaotfload.letterspace_done = 4
Inserting `luaotfload.aux.set_sscale_dimens' at position 1 in `luaotfload.patch_
font'.
Inserting `luaotfload.aux.set_font_index' at position 2 in `luaotfload.patch_fon
t'.
Inserting `luaotfload.aux.patch_cambria_domh' at position 3 in `luaotfload.patch
_font'.
Inserting `luaotfload.aux.fixup_fontdata' at position 1 in `luaotfload.patch_fon
t_unsafe'.
Inserting `luaotfload.aux.set_capheight' at position 4 in `luaotfload.patch_font
'.
Inserting `luaotfload.aux.set_xheight' at position 5 in `luaotfload.patch_font'.
Inserting `luaotfload.rewrite_fontname' at position 6 in `luaotfload.patch_font'
. L3 programming layer <2021-10-12>
Inserting `tracingstacklevels' at position 1 in `input_level_string'.
("/Users/chirag/Library/Application Support/MiKTeX/texmfs/install/tex/latex/bas
e/article.cls"
Document Class: article 2021/02/12 v1.4n Standard LaTeX document class

("/Users/chirag/Library/Application Support/MiKTeX/texmfs/install/tex/latex/bas
e/size11.clo"
File: size11.clo 2021/02/12 v1.4n Standard LaTeX file (size option)
luaotfload | db : Font names database loaded from /Users/chirag/Library/Applicat
ion Support/MiKTeX/texmfs/data/luatex-cache/generic/names/luaotfload-names.luc)
\c@part=\count179
\c@section=\count180
\c@subsection=\count181
\c@subsubsection=\count182
\c@paragraph=\count183
\c@subparagraph=\count184
\c@figure=\count185
\c@table=\count186
\abovecaptionskip=\skip47
\belowcaptionskip=\skip48
\bibindent=\dimen138
)
("/Users/chirag/Library/Application Support/MiKTeX/texmfs/install/tex/latex/bas
e/latexsym.sty"
Package: latexsym 1998/08/17 v2.2e Standard LaTeX package (lasy symbols)
\symlasy=\mathgroup4
LaTeX Font Info:    Overwriting symbol font `lasy' in version `bold'
(Font)                  U/lasy/m/n --> U/lasy/b/n on input line 52.
)
("/Users/chirag/Library/Application Support/MiKTeX/texmfs/install/tex/latex/pre
print/fullpage.sty"
Package: fullpage 1999/02/23 1.1 (PWD)
\FP@margin=\skip49
)
("/Users/chirag/Library/Application Support/MiKTeX/texmfs/install/tex/latex/tit
lesec/titlesec.sty"
Package: titlesec 2021/07/05 v2.14 Sectioning titles
\ttl@box=\box50
\beforetitleunit=\skip50
\aftertitleunit=\skip51
\ttl@plus=\dimen139
\ttl@minus=\dimen140
\ttl@toksa=\toks16
\titlewidth=\dimen141
\titlewidthlast=\dimen142
\titlewidthfirst=\dimen143
)
("/Users/chirag/Library/Application Support/MiKTeX/texmfs/install/tex/latex/mar
vosym/marvosym.sty"
Package: marvosym 2011/07/20 v2.2 Martin Vogel's Symbols font definitions
)
("/Users/chirag/Library/Application Support/MiKTeX/texmfs/install/tex/latex/gra
phics/color.sty"
Package: color 2020/02/24 v1.2b Standard LaTeX Color (DPC)

("/Users/chirag/Library/Application Support/MiKTeX/texmfs/install/tex/latex/gra
phics-cfg/color.cfg"
File: color.cfg 2016/01/02 v1.6 sample color configuration
)
Package color Info: Driver file: luatex.def on input line 149.

("/Users/chirag/Library/Application Support/MiKTeX/texmfs/install/tex/latex/gra
phics-def/luatex.def"
File: luatex.def 2021/06/01 v1.2c Graphics/color driver for luatex
)
("/Users/chirag/Library/Application Support/MiKTeX/texmfs/install/tex/latex/gra
phics/dvipsnam.def"
File: dvipsnam.def 2016/06/17 v3.0m Driver-dependent file (DPC,SPQR)
))
("/Users/chirag/Library/Application Support/MiKTeX/texmfs/install/tex/latex/too
ls/verbatim.sty"
Package: verbatim 2020-07-07 v1.5u LaTeX2e package for verbatim enhancements
\every@verbatim=\toks17
\verbatim@line=\toks18
\verbatim@in@stream=\read2
)
("/Users/chirag/Library/Application Support/MiKTeX/texmfs/install/tex/latex/enu
mitem/enumitem.sty"
Package: enumitem 2019/06/20 v3.9 Customized lists
\enitkv@toks@=\toks19
\labelindent=\skip52
\enit@outerparindent=\dimen144
\enit@toks=\toks20
\enit@inbox=\box51
\enit@count@id=\count187
\enitdp@description=\count188
)
("/Users/chirag/Library/Application Support/MiKTeX/texmfs/install/tex/latex/hyp
erref/hyperref.sty"
Package: hyperref 2021-06-07 v7.00m Hypertext links for LaTeX

("/Users/chirag/Library/Application Support/MiKTeX/texmfs/install/tex/generic/l
txcmds/ltxcmds.sty"
Package: ltxcmds 2020-05-10 v1.25 LaTeX kernel commands for general use (HO)
)
("/Users/chirag/Library/Application Support/MiKTeX/texmfs/install/tex/generic/i
ftex/iftex.sty"
Package: iftex 2020/03/06 v1.0d TeX engine tests
)
("/Users/chirag/Library/Application Support/MiKTeX/texmfs/install/tex/generic/p
dftexcmds/pdftexcmds.sty"
Package: pdftexcmds 2020-06-27 v0.33 Utility functions of pdfTeX for LuaTeX (HO
)

("/Users/chirag/Library/Application Support/MiKTeX/texmfs/install/tex/generic/i
nfwarerr/infwarerr.sty"
Package: infwarerr 2019/12/03 v1.5 Providing info/warning/error messages (HO)
)
Package pdftexcmds Info: \pdf@primitive is available.
Package pdftexcmds Info: \pdf@ifprimitive is available.
Package pdftexcmds Info: \pdfdraftmode found.
\pdftexcmds@toks=\toks21
)
("/Users/chirag/Library/Application Support/MiKTeX/texmfs/install/tex/latex/gra
phics/keyval.sty"
Package: keyval 2014/10/28 v1.15 key=value parser (DPC)
\KV@toks@=\toks22
)
("/Users/chirag/Library/Application Support/MiKTeX/texmfs/install/tex/generic/k
vsetkeys/kvsetkeys.sty"
Package: kvsetkeys 2019/12/15 v1.18 Key value parser (HO)
)
("/Users/chirag/Library/Application Support/MiKTeX/texmfs/install/tex/generic/k
vdefinekeys/kvdefinekeys.sty"
Package: kvdefinekeys 2019-12-19 v1.6 Define keys (HO)
)
("/Users/chirag/Library/Application Support/MiKTeX/texmfs/install/tex/generic/p
dfescape/pdfescape.sty"
Package: pdfescape 2019/12/09 v1.15 Implements pdfTeX's escape features (HO)
)
("/Users/chirag/Library/Application Support/MiKTeX/texmfs/install/tex/latex/hyc
olor/hycolor.sty"
Package: hycolor 2020-01-27 v1.10 Color options for hyperref/bookmark (HO)
)
("/Users/chirag/Library/Application Support/MiKTeX/texmfs/install/tex/latex/let
ltxmacro/letltxmacro.sty"
Package: letltxmacro 2019/12/03 v1.6 Let assignment for LaTeX macros (HO)
)
("/Users/chirag/Library/Application Support/MiKTeX/texmfs/install/tex/latex/aux
hook/auxhook.sty"
Package: auxhook 2019-12-17 v1.6 Hooks for auxiliary files (HO)
)
("/Users/chirag/Library/Application Support/MiKTeX/texmfs/install/tex/latex/kvo
ptions/kvoptions.sty"
Package: kvoptions 2020-10-07 v3.14 Key value format for package options (HO)
)
\@linkdim=\dimen145
\Hy@linkcounter=\count189
\Hy@pagecounter=\count190

("/Users/chirag/Library/Application Support/MiKTeX/texmfs/install/tex/latex/hyp
erref/pd1enc.def"
File: pd1enc.def 2021-06-07 v7.00m Hyperref: PDFDocEncoding definition (HO)
)
("/Users/chirag/Library/Application Support/MiKTeX/texmfs/install/tex/latex/hyp
erref/hyperref-langpatches.def"
File: hyperref-langpatches.def 2021-06-07 v7.00m Hyperref: patches for babel la
nguages
)
("/Users/chirag/Library/Application Support/MiKTeX/texmfs/install/tex/generic/i
ntcalc/intcalc.sty"
Package: intcalc 2019/12/15 v1.3 Expandable calculations with integers (HO)
)
("/Users/chirag/Library/Application Support/MiKTeX/texmfs/install/tex/generic/e
texcmds/etexcmds.sty"
Package: etexcmds 2019/12/15 v1.7 Avoid name clashes with e-TeX commands (HO)
)
\Hy@SavedSpaceFactor=\count191

("/Users/chirag/Library/Application Support/MiKTeX/texmfs/install/tex/latex/hyp
erref/puenc.def"
File: puenc.def 2021-06-07 v7.00m Hyperref: PDF Unicode definition (HO)
)
Package hyperref Info: Hyper figures OFF on input line 4192.
Package hyperref Info: Link nesting OFF on input line 4197.
Package hyperref Info: Hyper index ON on input line 4200.
Package hyperref Info: Plain pages OFF on input line 4207.
Package hyperref Info: Backreferencing OFF on input line 4212.
Package hyperref Info: Implicit mode ON; LaTeX internals redefined.
Package hyperref Info: Bookmarks ON on input line 4445.
\c@Hy@tempcnt=\count192

("/Users/chirag/Library/Application Support/MiKTeX/texmfs/install/tex/latex/url
/url.sty"
\Urlmuskip=\muskip16
Package: url 2013/09/16  ver 3.4  Verb mode for urls, etc.
)
LaTeX Info: Redefining \url on input line 4804.
\XeTeXLinkMargin=\dimen146

("/Users/chirag/Library/Application Support/MiKTeX/texmfs/install/tex/generic/b
itset/bitset.sty"
Package: bitset 2019/12/09 v1.3 Handle bit-vector datatype (HO)

("/Users/chirag/Library/Application Support/MiKTeX/texmfs/install/tex/generic/b
igintcalc/bigintcalc.sty"
Package: bigintcalc 2019/12/15 v1.5 Expandable calculations on big integers (HO
)
))
\Fld@menulength=\count193
\Field@Width=\dimen147
\Fld@charsize=\dimen148
Package hyperref Info: Hyper figures OFF on input line 6076.
Package hyperref Info: Link nesting OFF on input line 6081.
Package hyperref Info: Hyper index ON on input line 6084.
Package hyperref Info: backreferencing OFF on input line 6091.
Package hyperref Info: Link coloring OFF on input line 6096.
Package hyperref Info: Link coloring with OCG OFF on input line 6101.
Package hyperref Info: PDF/A mode OFF on input line 6106.
LaTeX Info: Redefining \ref on input line 6146.
LaTeX Info: Redefining \pageref on input line 6150.

("/Users/chirag/Library/Application Support/MiKTeX/texmfs/install/tex/latex/bas
e/atbegshi-ltx.sty"
Package: atbegshi-ltx 2021/01/10 v1.0c Emulation of the original atbegshi
package with kernel methods
)
\Hy@abspage=\count194
\c@Item=\count195
\c@Hfootnote=\count196
)
Package hyperref Info: Driver (autodetected): hluatex.

("/Users/chirag/Library/Application Support/MiKTeX/texmfs/install/tex/latex/hyp
erref/hluatex.def"
File: hluatex.def 2021-06-07 v7.00m Hyperref driver for luaTeX

("/Users/chirag/Library/Application Support/MiKTeX/texmfs/install/tex/generic/s
tringenc/stringenc.sty"
Package: stringenc 2019/11/29 v1.12 Convert strings between diff. encodings (HO
)
)
("/Users/chirag/Library/Application Support/MiKTeX/texmfs/install/tex/latex/bas
e/atveryend-ltx.sty"
Package: atveryend-ltx 2020/08/19 v1.0a Emulation of the original atvery packag
e
with kernel methods
)
\Fld@listcount=\count197
\c@bookmark@seq@number=\count198

("/Users/chirag/Library/Application Support/MiKTeX/texmfs/install/tex/latex/rer
unfilecheck/rerunfilecheck.sty"
Package: rerunfilecheck 2019/12/05 v1.9 Rerun checks for auxiliary files (HO)

("/Users/chirag/Library/Application Support/MiKTeX/texmfs/install/tex/generic/u
niquecounter/uniquecounter.sty"
Package: uniquecounter 2019/12/15 v1.4 Provide unlimited unique counter (HO)
)
Package uniquecounter Info: New unique counter `rerunfilecheck' on input line 2
86.
)
\Hy@SectionHShift=\skip53
)
("/Users/chirag/Library/Application Support/MiKTeX/texmfs/install/tex/latex/fan
cyhdr/fancyhdr.sty"
Package: fancyhdr 2021/01/28 v4.0.1 Extensive control of page headers and foote
rs
\f@nch@headwidth=\skip54
\f@nch@O@elh=\skip55
\f@nch@O@erh=\skip56
\f@nch@O@olh=\skip57
\f@nch@O@orh=\skip58
\f@nch@O@elf=\skip59
\f@nch@O@erf=\skip60
\f@nch@O@olf=\skip61
\f@nch@O@orf=\skip62
)
("/Users/chirag/Library/Application Support/MiKTeX/texmfs/install/tex/generic/b
abel/babel.sty"
Package: babel 2021/10/13 3.64 The Babel package

("/Users/chirag/Library/Application Support/MiKTeX/texmfs/install/tex/generic/b
abel/luababel.def"
\bbl@readstream=\read3
\babelcatcodetablenum=\catcodetable12
\bbl@pattcodes=\catcodetable13
)
\babel@savecnt=\count199
\U@D=\dimen149
\l@unhyphenated=\language1

("/Users/chirag/Library/Application Support/MiKTeX/texmfs/install/tex/generic/b
abel/luababel.def"
\bbl@attr@locale=\attribute5
)
*************************************
* Local config file bblopts.cfg used
*

("/Users/chirag/Library/Application Support/MiKTeX/texmfs/install/tex/latex/ara
bi/bblopts.cfg"
File: bblopts.cfg 2005/09/08 v0.1 add Arabic and Farsi to "declared" options of
 babel
)
("/Users/chirag/Library/Application Support/MiKTeX/texmfs/install/tex/latex/bab
el-english/english.ldf"
Language: english 2017/06/06 v3.3r English support from the babel system
Package babel Info: No hyphenation patterns were set for
(babel)             language 'english'. Reported on input line 191.
)
("/Users/chirag/Library/Application Support/MiKTeX/texmfs/install/tex/latex/bab
el-english/english.ldf"
Language: english 2017/06/06 v3.3r English support from the babel system
Package babel Info: No hyphenation patterns were set for
(babel)             language 'english'. Reported on input line 47.
))
("/Users/chirag/Library/Application Support/MiKTeX/texmfs/install/tex/latex/too
ls/tabularx.sty"
Package: tabularx 2020/01/15 v2.11c `tabularx' package (DPC)

("/Users/chirag/Library/Application Support/MiKTeX/texmfs/install/tex/latex/too
ls/array.sty"
Package: array 2021/04/20 v2.5e Tabular extension package (FMi)
\col@sep=\dimen150
\ar@mcellbox=\box52
\extrarowheight=\dimen151
\NC@list=\toks23
\extratabsurround=\skip63
\backup@length=\skip64
\ar@cellbox=\box53
)
\TX@col@width=\dimen152
\TX@old@table=\dimen153
\TX@old@col=\dimen154
\TX@target=\dimen155
\TX@delta=\dimen156
\TX@cols=\count266
\TX@ftn=\toks24
)
("/Users/chirag/Library/Application Support/MiKTeX/texmfs/install/tex/latex/fon
tspec/fontspec.sty"
("/Users/chirag/Library/Application Support/MiKTeX/texmfs/install/tex/latex/l3p
ackages/xparse/xparse.sty"
("/Users/chirag/Library/Application Support/MiKTeX/texmfs/install/tex/latex/l3k
ernel/expl3.sty"
Package: expl3 2021-10-12 L3 programming layer (loader) 

("/Users/chirag/Library/Application Support/MiKTeX/texmfs/install/tex/latex/l3b
ackend/l3backend-luatex.def"
File: l3backend-luatex.def 2021-10-12 L3 backend support: PDF output (LuaTeX)
\l__color_backend_stack_int=\count267
\l__pdf_internal_box=\box54
))
Package: xparse 2021-08-27 L3 Experimental document command parser
)
Package: fontspec 2020/02/21 v2.7i Font selection for XeLaTeX and LuaLaTeX
Lua module: fontspec 2020/02/21 2.7i Font selection for XeLaTeX and LuaLaTeX
("/Users/chirag/Library/Application Support/MiKTeX/texmfs/install/tex/latex/fon
tspec/fontspec-luatex.sty"
Package: fontspec-luatex 2020/02/21 v2.7i Font selection for XeLaTeX and LuaLaT
eX
\l__fontspec_script_int=\count268
\l__fontspec_language_int=\count269
\l__fontspec_strnum_int=\count270
\l__fontspec_tmp_int=\count271
\l__fontspec_tmpa_int=\count272
\l__fontspec_tmpb_int=\count273
\l__fontspec_tmpc_int=\count274
\l__fontspec_em_int=\count275
\l__fontspec_emdef_int=\count276
\l__fontspec_strong_int=\count277
\l__fontspec_strongdef_int=\count278
\l__fontspec_tmpa_dim=\dimen157
\l__fontspec_tmpb_dim=\dimen158
\l__fontspec_tmpc_dim=\dimen159

("/Users/chirag/Library/Application Support/MiKTeX/texmfs/install/tex/latex/bas
e/fontenc.sty"
Package: fontenc 2021/04/29 v2.0v Standard LaTeX package
)
("/Users/chirag/Library/Application Support/MiKTeX/texmfs/install/tex/latex/fon
tspec/fontspec.cfg")))
("/Users/chirag/Library/Application Support/MiKTeX/texmfs/install/tex/latex/fon
tawesome/fontawesome.sty"
Package: fontawesome 2016/05/15 v4.6.3.1 font awesome icons

("/Users/chirag/Library/Application Support/MiKTeX/texmfs/install/tex/generic/i
ftex/ifxetex.sty"
Package: ifxetex 2019/10/25 v0.7 ifxetex legacy package. Use iftex instead.
)
("/Users/chirag/Library/Application Support/MiKTeX/texmfs/install/tex/generic/i
ftex/ifluatex.sty"
Package: ifluatex 2019/10/25 v1.5 ifluatex legacy package. Use iftex instead.
)
("/Users/chirag/Library/Application Support/MiKTeX/texmfs/install/tex/latex/fon
tawesome/fontawesomesymbols-generic.tex")
luaotfload | cache : Lookup cache loaded from /Users/chirag/Library/Application 
Support/MiKTeX/texmfs/data/luatex-cache/generic/names/luaotfload-lookup-cache.lu
c.
luaotfload | aux : font no 26 (nil) defines no feature for script latn
luaotfload | aux : font no 26 (nil) defines no feature for script dflt

Package fontspec Info: Could not resolve font "FontAwesome/BI" (it probably
(fontspec)             doesn't exist).


Package fontspec Info: Could not resolve font "FontAwesome/B" (it probably
(fontspec)             doesn't exist).


Package fontspec Info: Could not resolve font "FontAwesome/I" (it probably
(fontspec)             doesn't exist).


Package fontspec Info: Font family 'FontAwesome(0)' created for font
(fontspec)             'FontAwesome' with options [].
(fontspec)              
(fontspec)              This font family consists of the following NFSS
(fontspec)             series/shapes:
(fontspec)              
(fontspec)             - 'normal' (m/n) with NFSS spec.:
(fontspec)             <->"FontAwesome:mode=node;language=dflt;"
(fontspec)             - 'small caps'  (m/sc) with NFSS spec.: 


("/Users/chirag/Library/Application Support/MiKTeX/texmfs/install/tex/latex/fon
tawesome/fontawesomesymbols-xeluatex.tex")) (./resume.aux
Package babel Info: No hyphenation patterns were set for
(babel)             language 'english'. Reported on input line 21.
)
\openout1 = resume.aux

LaTeX Font Info:    Checking defaults for OML/cmm/m/it on input line 80.
LaTeX Font Info:    ... okay on input line 80.
LaTeX Font Info:    Checking defaults for OMS/cmsy/m/n on input line 80.
LaTeX Font Info:    ... okay on input line 80.
LaTeX Font Info:    Checking defaults for OT1/cmr/m/n on input line 80.
LaTeX Font Info:    ... okay on input line 80.
LaTeX Font Info:    Checking defaults for T1/cmr/m/n on input line 80.
LaTeX Font Info:    ... okay on input line 80.
LaTeX Font Info:    Checking defaults for TS1/cmr/m/n on input line 80.
LaTeX Font Info:    Trying to load font information for TS1+cmr on input line 8
0.

("/Users/chirag/Library/Application Support/MiKTeX/texmfs/install/tex/latex/bas
e/ts1cmr.fd"
File: ts1cmr.fd 2019/12/16 v2.5j Standard LaTeX font definitions
)
LaTeX Font Info:    ... okay on input line 80.
LaTeX Font Info:    Checking defaults for TU/lmr/m/n on input line 80.
LaTeX Font Info:    ... okay on input line 80.
LaTeX Font Info:    Checking defaults for OMX/cmex/m/n on input line 80.
LaTeX Font Info:    ... okay on input line 80.
LaTeX Font Info:    Checking defaults for U/cmr/m/n on input line 80.
LaTeX Font Info:    ... okay on input line 80.
LaTeX Font Info:    Checking defaults for PD1/pdf/m/n on input line 80.
LaTeX Font Info:    ... okay on input line 80.
LaTeX Font Info:    Checking defaults for PU/pdf/m/n on input line 80.
LaTeX Font Info:    ... okay on input line 80.

("/Users/chirag/Library/Application Support/MiKTeX/texmfs/install/tex/context/b
ase/mkii/supp-pdf.mkii"
[Loading MPS to PDF converter (version 2006.09.02).]
\scratchcounter=\count279
\scratchdimen=\dimen160
\scratchbox=\box55
\nofMPsegments=\count280
\nofMParguments=\count281
\everyMPshowfont=\toks25
\MPscratchCnt=\count282
\MPscratchDim=\dimen161
\MPnumerator=\count283
\makeMPintoPDFobject=\count284
\everyMPtoPDFconversion=\toks26
)
Package hyperref Info: Link coloring OFF on input line 80.

("/Users/chirag/Library/Application Support/MiKTeX/texmfs/install/tex/latex/hyp
erref/nameref.sty"
Package: nameref 2021-04-02 v2.47 Cross-referencing by name of section

("/Users/chirag/Library/Application Support/MiKTeX/texmfs/install/tex/latex/ref
count/refcount.sty"
Package: refcount 2019/12/15 v3.6 Data extraction from label references (HO)
)
("/Users/chirag/Library/Application Support/MiKTeX/texmfs/install/tex/generic/g
ettitlestring/gettitlestring.sty"
Package: gettitlestring 2019/12/15 v1.6 Cleanup title references (HO)
)
\c@section@level=\count285
)
LaTeX Info: Redefining \ref on input line 80.
LaTeX Info: Redefining \pageref on input line 80.
LaTeX Info: Redefining \nameref on input line 80.
 (./resume.out) (./resume.out)
\@outlinefile=\write3

\openout3 = resume.out
Package babel Info: No hyphenation patterns were set for
(babel)             language 'english'. Reported on input line 80.

Package fontspec Info: Adjusting the maths setup (use [no-math] to avoid
(fontspec)             this).

\symlegacymaths=\mathgroup5
LaTeX Font Info:    Overwriting symbol font `legacymaths' in version `bold'
(Font)                  OT1/cmr/m/n --> OT1/cmr/bx/n on input line 80.
LaTeX Font Info:    Redeclaring math accent \acute on input line 80.
LaTeX Font Info:    Redeclaring math accent \grave on input line 80.
LaTeX Font Info:    Redeclaring math accent \ddot on input line 80.
LaTeX Font Info:    Redeclaring math accent \tilde on input line 80.
LaTeX Font Info:    Redeclaring math accent \bar on input line 80.
LaTeX Font Info:    Redeclaring math accent \breve on input line 80.
LaTeX Font Info:    Redeclaring math accent \check on input line 80.
LaTeX Font Info:    Redeclaring math accent \hat on input line 80.
LaTeX Font Info:    Redeclaring math accent \dot on input line 80.
LaTeX Font Info:    Redeclaring math accent \mathring on input line 80.
LaTeX Font Info:    Redeclaring math symbol \colon on input line 80.
LaTeX Font Info:    Redeclaring math symbol \Gamma on input line 80.
LaTeX Font Info:    Redeclaring math symbol \Delta on input line 80.
LaTeX Font Info:    Redeclaring math symbol \Theta on input line 80.
LaTeX Font Info:    Redeclaring math symbol \Lambda on input line 80.
LaTeX Font Info:    Redeclaring math symbol \Xi on input line 80.
LaTeX Font Info:    Redeclaring math symbol \Pi on input line 80.
LaTeX Font Info:    Redeclaring math symbol \Sigma on input line 80.
LaTeX Font Info:    Redeclaring math symbol \Upsilon on input line 80.
LaTeX Font Info:    Redeclaring math symbol \Phi on input line 80.
LaTeX Font Info:    Redeclaring math symbol \Psi on input line 80.
LaTeX Font Info:    Redeclaring math symbol \Omega on input line 80.
LaTeX Font Info:    Redeclaring math symbol \mathdollar on input line 80.
LaTeX Font Info:    Redeclaring symbol font `operators' on input line 80.
LaTeX Font Info:    Encoding `OT1' has changed to `TU' for symbol font
(Font)              `operators' in the math version `normal' on input line 80.
LaTeX Font Info:    Overwriting symbol font `operators' in version `normal'
(Font)                  OT1/cmr/m/n --> TU/lmr/m/n on input line 80.
LaTeX Font Info:    Encoding `OT1' has changed to `TU' for symbol font
(Font)              `operators' in the math version `bold' on input line 80.
LaTeX Font Info:    Overwriting symbol font `operators' in version `bold'
(Font)                  OT1/cmr/bx/n --> TU/lmr/m/n on input line 80.
LaTeX Font Info:    Overwriting symbol font `operators' in version `normal'
(Font)                  TU/lmr/m/n --> TU/lmr/m/n on input line 80.
LaTeX Font Info:    Overwriting math alphabet `\mathit' in version `normal'
(Font)                  OT1/cmr/m/it --> TU/lmr/m/it on input line 80.
LaTeX Font Info:    Overwriting math alphabet `\mathbf' in version `normal'
(Font)                  OT1/cmr/bx/n --> TU/lmr/b/n on input line 80.
LaTeX Font Info:    Overwriting math alphabet `\mathsf' in version `normal'
(Font)                  OT1/cmss/m/n --> TU/lmss/m/n on input line 80.
LaTeX Font Info:    Overwriting math alphabet `\mathtt' in version `normal'
(Font)                  OT1/cmtt/m/n --> TU/lmtt/m/n on input line 80.
LaTeX Font Info:    Overwriting symbol font `operators' in version `bold'
(Font)                  TU/lmr/m/n --> TU/lmr/b/n on input line 80.
LaTeX Font Info:    Overwriting math alphabet `\mathit' in version `bold'
(Font)                  OT1/cmr/bx/it --> TU/lmr/b/it on input line 80.
LaTeX Font Info:    Overwriting math alphabet `\mathsf' in version `bold'
(Font)                  OT1/cmss/bx/n --> TU/lmss/b/n on input line 80.
LaTeX Font Info:    Overwriting math alphabet `\mathtt' in version `bold'
(Font)                  OT1/cmtt/m/n --> TU/lmtt/b/n on input line 80.
LaTeX Font Info:    External font `cmex10' loaded for size
(Font)              <10.95> on input line 97.
LaTeX Font Info:    External font `cmex10' loaded for size
(Font)              <8> on input line 97.
LaTeX Font Info:    External font `cmex10' loaded for size
(Font)              <6> on input line 97.
LaTeX Font Info:    Trying to load font information for U+lasy on input line 97
.

("/Users/chirag/Library/Application Support/MiKTeX/texmfs/install/tex/latex/bas
e/ulasy.fd"
File: ulasy.fd 1998/08/17 v2.2e LaTeX symbol font definitions
)

LaTeX Font Warning: Font shape `TU/FontAwesome(0)/bx/n' undefined
(Font)              using `TU/FontAwesome(0)/m/n' instead on input line 125.

LaTeX Font Info:    Font shape `TU/lmtt/bx/n' in size <10.95> not available
(Font)              Font shape `TU/lmtt/b/n' tried instead on input line 157.

Package fancyhdr Warning: \footskip is too small (0.0pt): 
(fancyhdr)                Make it at least 4.08003pt, for example:
(fancyhdr)                \setlength{\footskip}{4.08003pt}.

[1

{/Users/chirag/Library/Application Support/MiKTeX/texmfs/data/pdftex/config/pdft
ex.map}]

Package fancyhdr Warning: \footskip is too small (0.0pt): 
(fancyhdr)                Make it at least 4.08003pt, for example:
(fancyhdr)                \setlength{\footskip}{4.08003pt}.

[2] (./resume.aux
Package babel Info: No hyphenation patterns were set for
(babel)             language 'english'. Reported on input line 21.
)

LaTeX Font Warning: Some font shapes were not available, defaults substituted.

Package rerunfilecheck Info: File `resume.out' has not changed.
(rerunfilecheck)             Checksum: 6AA8ED2E1EE37A3B8E2E021659172363;543.
)

Here is how much of LuaTeX's memory you used:
 14329 strings out of 478120
 100000,794899 words of node,token memory allocated
 455 words of node memory still in use:
   3 hlist, 1 vlist, 1 rule, 2 glue, 3 kern, 1 glyph, 6 attribute, 57 glue_spec,
 4 attribute_list, 1 write nodes
   avail lists: 2:1526,3:517,4:194,5:622,6:112,7:9774,8:39,9:655,10:23,11:19
 34220 multiletter control sequences out of 65536+600000
 50 fonts using 5132959 bytes
 70i,11n,80p,367b,472s stack positions out of 5000i,500n,10000p,200000b,80000s
</Users/chirag/Library/Application Support/MiKTeX/texmfs/install/fonts/opentype/
public/lm/lmmonolt10-bold.otf><</Users/chirag/Library/Application Support/MiKTeX
/texmfs/data/fonts/pk/ljfour/public/cm/dpi657/cmsy10.pk>></Users/chirag/Library/
Application Support/MiKTeX/texmfs/install/fonts/opentype/public/lm/lmroman10-ita
lic.otf></Users/chirag/Library/Application Support/MiKTeX/texmfs/install/fonts/o
pentype/public/lm/lmroman10-bold.otf></Users/chirag/Library/Application Support/
MiKTeX/texmfs/install/fonts/opentype/public/lm/lmromancaps10-regular.otf></Users
/chirag/Library/Application Support/MiKTeX/texmfs/install/fonts/opentype/public/
lm/lmmono10-regular.otf></Users/chirag/Library/Application Support/MiKTeX/texmfs
/install/fonts/opentype/public/lm/lmroman10-regular.otf></Users/chirag/Library/A
pplication Support/MiKTeX/texmfs/install/fonts/opentype/public/fontawesome/FontA
wesome.otf></Users/chirag/Library/Application Support/MiKTeX/texmfs/install/font
s/opentype/public/lm/lmroman12-bold.otf>
Output written on resume.pdf (2 pages, 52168 bytes).

PDF statistics: 111 PDF objects out of 1000 (max. 8388607)
 9 named destinations out of 1000 (max. 131072)
 49 words of extra memory for PDF output out of 10000 (max. 100000000)

